autoscan: warning: missing AC_CHECK_FUNCS([dup2]) wanted by: 
	src/catch.hpp:12018
	src/catch.hpp:12019
	src/catch.hpp:12031
	src/catch.hpp:12032
autoscan: warning: missing AC_CHECK_FUNCS([memset]) wanted by: 
	src/catch.hpp:5902
autoscan: warning: missing AC_CHECK_FUNCS([pow]) wanted by: 
	src/catch.hpp:6989
autoscan: warning: missing AC_CHECK_FUNCS([sqrt]) wanted by: 
	src/catch.hpp:6964
	src/catch.hpp:7608
	src/catch.hpp:7629
	src/catch.hpp:7657
	src/catch.hpp:7684
	src/catch.hpp:7693
	src/catch.hpp:7703
	src/catch.hpp:7714
autoscan: warning: missing AC_CHECK_HEADERS([unistd.h]) wanted by: 
	src/regx.cpp:4
	src/scanpf.cpp:6
	src/catch.hpp:10069
	src/catch.hpp:10297
	src/catch.hpp:11927
autoscan: warning: missing AC_CHECK_HEADER_STDBOOL wanted by: 
	src/regx.cpp:20
	src/regx.cpp:21
	src/regx.cpp:22
	src/scanpf.cpp:43
	src/scanpf.cpp:44
	src/catch.hpp:495
	src/catch.hpp:496
	src/catch.hpp:497
	src/catch.hpp:566
	src/catch.hpp:567
	src/catch.hpp:617
	src/catch.hpp:618
	src/catch.hpp:628
	src/catch.hpp:648
	src/catch.hpp:1353
	src/catch.hpp:1354
	src/catch.hpp:1367
	src/catch.hpp:1368
	src/catch.hpp:1369
	src/catch.hpp:1553
	src/catch.hpp:1741
	src/catch.hpp:1742
	src/catch.hpp:1905
	src/catch.hpp:1978
	src/catch.hpp:1986
	src/catch.hpp:1995
	src/catch.hpp:1997
	src/catch.hpp:2000
	src/catch.hpp:2001
	src/catch.hpp:2176
	src/catch.hpp:2177
	src/catch.hpp:2180
	src/catch.hpp:2180
	src/catch.hpp:2189
	src/catch.hpp:2190
	src/catch.hpp:2208
	src/catch.hpp:2282
	src/catch.hpp:2289
	src/catch.hpp:2289
	src/catch.hpp:2291
	src/catch.hpp:2293
	src/catch.hpp:2295
	src/catch.hpp:2297
	src/catch.hpp:2300
	src/catch.hpp:2300
	src/catch.hpp:2302
	src/catch.hpp:2304
	src/catch.hpp:2306
	src/catch.hpp:2308
	src/catch.hpp:2320
	src/catch.hpp:2320
	src/catch.hpp:2328
	src/catch.hpp:2328
	src/catch.hpp:2334
	src/catch.hpp:2338
	src/catch.hpp:2342
	src/catch.hpp:2346
	src/catch.hpp:2381
	src/catch.hpp:2381
	src/catch.hpp:2382
	src/catch.hpp:2423
	src/catch.hpp:2467
	src/catch.hpp:2493
	src/catch.hpp:2495
	src/catch.hpp:2505
	src/catch.hpp:2506
	src/catch.hpp:2512
	src/catch.hpp:2545
	src/catch.hpp:2571
	src/catch.hpp:2572
	src/catch.hpp:2610
	src/catch.hpp:2674
	src/catch.hpp:2795
	src/catch.hpp:2796
	src/catch.hpp:2885
	src/catch.hpp:3037
	src/catch.hpp:3066
	src/catch.hpp:3072
	src/catch.hpp:3077
	src/catch.hpp:3082
	src/catch.hpp:3087
	src/catch.hpp:3092
	src/catch.hpp:3097
	src/catch.hpp:3102
	src/catch.hpp:3157
	src/catch.hpp:3158
	src/catch.hpp:3159
	src/catch.hpp:3160
	src/catch.hpp:3161
	src/catch.hpp:3171
	src/catch.hpp:3220
	src/catch.hpp:3228
	src/catch.hpp:3246
	src/catch.hpp:3257
	src/catch.hpp:3279
	src/catch.hpp:3290
	src/catch.hpp:3315
	src/catch.hpp:3362
	src/catch.hpp:3386
	src/catch.hpp:3395
	src/catch.hpp:3411
	src/catch.hpp:3460
	src/catch.hpp:3513
	src/catch.hpp:3517
	src/catch.hpp:3521
	src/catch.hpp:3525
	src/catch.hpp:3530
	src/catch.hpp:3566
	src/catch.hpp:3587
	src/catch.hpp:3617
	src/catch.hpp:3640
	src/catch.hpp:3674
	src/catch.hpp:3810
	src/catch.hpp:3818
	src/catch.hpp:3918
	src/catch.hpp:3925
	src/catch.hpp:3936
	src/catch.hpp:3952
	src/catch.hpp:3998
	src/catch.hpp:4002
	src/catch.hpp:4085
	src/catch.hpp:4130
	src/catch.hpp:4131
	src/catch.hpp:4147
	src/catch.hpp:4171
	src/catch.hpp:4219
	src/catch.hpp:4247
	src/catch.hpp:4266
	src/catch.hpp:4398
	src/catch.hpp:4399
	src/catch.hpp:4401
	src/catch.hpp:4461
	src/catch.hpp:4464
	src/catch.hpp:4465
	src/catch.hpp:4466
	src/catch.hpp:4467
	src/catch.hpp:4469
	src/catch.hpp:4472
	src/catch.hpp:4480
	src/catch.hpp:4523
	src/catch.hpp:4524
	src/catch.hpp:4561
	src/catch.hpp:4583
	src/catch.hpp:4592
	src/catch.hpp:4614
	src/catch.hpp:4636
	src/catch.hpp:4644
	src/catch.hpp:4650
	src/catch.hpp:4656
	src/catch.hpp:4674
	src/catch.hpp:4734
	src/catch.hpp:4735
	src/catch.hpp:4736
	src/catch.hpp:4737
	src/catch.hpp:4761
	src/catch.hpp:4762
	src/catch.hpp:4785
	src/catch.hpp:4896
	src/catch.hpp:4906
	src/catch.hpp:4919
	src/catch.hpp:4932
	src/catch.hpp:4944
	src/catch.hpp:5035
	src/catch.hpp:5059
	src/catch.hpp:5069
	src/catch.hpp:5077
	src/catch.hpp:5085
	src/catch.hpp:5093
	src/catch.hpp:5105
	src/catch.hpp:5106
	src/catch.hpp:5148
	src/catch.hpp:5166
	src/catch.hpp:5168
	src/catch.hpp:5170
	src/catch.hpp:5173
	src/catch.hpp:5177
	src/catch.hpp:5217
	src/catch.hpp:5218
	src/catch.hpp:5219
	src/catch.hpp:5220
	src/catch.hpp:5222
	src/catch.hpp:5223
	src/catch.hpp:5224
	src/catch.hpp:5225
	src/catch.hpp:5226
	src/catch.hpp:5227
	src/catch.hpp:5228
	src/catch.hpp:5233
	src/catch.hpp:5267
	src/catch.hpp:5268
	src/catch.hpp:5269
	src/catch.hpp:5270
	src/catch.hpp:5279
	src/catch.hpp:5281
	src/catch.hpp:5284
	src/catch.hpp:5287
	src/catch.hpp:5288
	src/catch.hpp:5289
	src/catch.hpp:5294
	src/catch.hpp:5296
	src/catch.hpp:5298
	src/catch.hpp:5310
	src/catch.hpp:5341
	src/catch.hpp:5342
	src/catch.hpp:5344
	src/catch.hpp:5345
	src/catch.hpp:5348
	src/catch.hpp:5432
	src/catch.hpp:5433
	src/catch.hpp:5447
	src/catch.hpp:5484
	src/catch.hpp:5494
	src/catch.hpp:5502
	src/catch.hpp:5514
	src/catch.hpp:5520
	src/catch.hpp:5531
	src/catch.hpp:5537
	src/catch.hpp:5547
	src/catch.hpp:5617
	src/catch.hpp:5629
	src/catch.hpp:5756
	src/catch.hpp:5759
	src/catch.hpp:5775
	src/catch.hpp:5839
	src/catch.hpp:5914
	src/catch.hpp:5971
	src/catch.hpp:6066
	src/catch.hpp:6104
	src/catch.hpp:6144
	src/catch.hpp:6224
	src/catch.hpp:6251
	src/catch.hpp:6252
	src/catch.hpp:6278
	src/catch.hpp:6302
	src/catch.hpp:6337
	src/catch.hpp:7327
	src/catch.hpp:7352
	src/catch.hpp:7428
	src/catch.hpp:7429
	src/catch.hpp:7430
	src/catch.hpp:7431
	src/catch.hpp:7445
	src/catch.hpp:7446
	src/catch.hpp:7469
	src/catch.hpp:7496
	src/catch.hpp:7497
	src/catch.hpp:7498
	src/catch.hpp:7499
	src/catch.hpp:7508
	src/catch.hpp:7509
	src/catch.hpp:7528
	src/catch.hpp:7530
	src/catch.hpp:7782
	src/catch.hpp:7814
	src/catch.hpp:7857
	src/catch.hpp:7946
	src/catch.hpp:7961
	src/catch.hpp:8038
	src/catch.hpp:8065
	src/catch.hpp:8071
	src/catch.hpp:8079
	src/catch.hpp:8086
	src/catch.hpp:8109
	src/catch.hpp:8110
	src/catch.hpp:8111
	src/catch.hpp:8128
	src/catch.hpp:8170
	src/catch.hpp:8248
	src/catch.hpp:8253
	src/catch.hpp:8261
	src/catch.hpp:8265
	src/catch.hpp:8296
	src/catch.hpp:8410
	src/catch.hpp:8414
	src/catch.hpp:8418
	src/catch.hpp:8441
	src/catch.hpp:8449
	src/catch.hpp:8541
	src/catch.hpp:8547
	src/catch.hpp:8574
	src/catch.hpp:8640
	src/catch.hpp:8643
	src/catch.hpp:8694
	src/catch.hpp:8745
	src/catch.hpp:8750
	src/catch.hpp:8788
	src/catch.hpp:9017
	src/catch.hpp:9049
	src/catch.hpp:9050
	src/catch.hpp:9056
	src/catch.hpp:9057
	src/catch.hpp:9077
	src/catch.hpp:9089
	src/catch.hpp:9091
	src/catch.hpp:9093
	src/catch.hpp:9144
	src/catch.hpp:9148
	src/catch.hpp:9218
	src/catch.hpp:9316
	src/catch.hpp:9331
	src/catch.hpp:9344
	src/catch.hpp:9410
	src/catch.hpp:9411
	src/catch.hpp:9473
	src/catch.hpp:9553
	src/catch.hpp:9775
	src/catch.hpp:9784
	src/catch.hpp:9847
	src/catch.hpp:9850
	src/catch.hpp:9907
	src/catch.hpp:9908
	src/catch.hpp:9909
	src/catch.hpp:9910
	src/catch.hpp:9919
	src/catch.hpp:9921
	src/catch.hpp:9924
	src/catch.hpp:9927
	src/catch.hpp:9928
	src/catch.hpp:9929
	src/catch.hpp:9934
	src/catch.hpp:9936
	src/catch.hpp:9939
	src/catch.hpp:10113
	src/catch.hpp:10314
	src/catch.hpp:10345
	src/catch.hpp:10364
	src/catch.hpp:10385
	src/catch.hpp:10392
	src/catch.hpp:10398
	src/catch.hpp:10718
	src/catch.hpp:10791
	src/catch.hpp:10902
	src/catch.hpp:10909
	src/catch.hpp:10962
	src/catch.hpp:10975
	src/catch.hpp:10987
	src/catch.hpp:11002
	src/catch.hpp:11011
	src/catch.hpp:11275
	src/catch.hpp:11297
	src/catch.hpp:11298
	src/catch.hpp:11348
	src/catch.hpp:11411
	src/catch.hpp:11440
	src/catch.hpp:11461
	src/catch.hpp:11511
	src/catch.hpp:11610
	src/catch.hpp:11616
	src/catch.hpp:11622
	src/catch.hpp:11628
	src/catch.hpp:11634
	src/catch.hpp:11674
	src/catch.hpp:11692
	src/catch.hpp:11696
	src/catch.hpp:12057
	src/catch.hpp:12060
	src/catch.hpp:12065
	src/catch.hpp:12068
	src/catch.hpp:12128
	src/catch.hpp:12132
	src/catch.hpp:12153
	src/catch.hpp:12154
	src/catch.hpp:12420
	src/catch.hpp:12423
	src/catch.hpp:12431
	src/catch.hpp:12432
	src/catch.hpp:12475
	src/catch.hpp:12476
	src/catch.hpp:12604
	src/catch.hpp:12626
	src/catch.hpp:12640
	src/catch.hpp:12741
	src/catch.hpp:12752
	src/catch.hpp:12796
	src/catch.hpp:12831
	src/catch.hpp:12832
	src/catch.hpp:12851
	src/catch.hpp:13037
	src/catch.hpp:13192
	src/catch.hpp:13598
	src/catch.hpp:13601
	src/catch.hpp:13604
	src/catch.hpp:13607
	src/catch.hpp:13610
	src/catch.hpp:13641
	src/catch.hpp:13642
	src/catch.hpp:13711
	src/catch.hpp:13822
	src/catch.hpp:13838
	src/catch.hpp:13843
	src/catch.hpp:13908
	src/catch.hpp:13911
	src/catch.hpp:13914
	src/catch.hpp:13917
	src/catch.hpp:13950
	src/catch.hpp:13956
	src/catch.hpp:13992
	src/catch.hpp:13996
	src/catch.hpp:14116
	src/catch.hpp:14135
	src/catch.hpp:14138
	src/catch.hpp:14141
	src/catch.hpp:14144
	src/catch.hpp:14176
	src/catch.hpp:14177
	src/catch.hpp:14247
	src/catch.hpp:14248
	src/catch.hpp:14257
	src/catch.hpp:14359
	src/catch.hpp:14368
	src/catch.hpp:14379
	src/catch.hpp:14383
	src/catch.hpp:14394
	src/catch.hpp:14398
	src/catch.hpp:14449
	src/catch.hpp:14487
	src/catch.hpp:14514
	src/catch.hpp:14544
	src/catch.hpp:14576
	src/catch.hpp:14912
	src/catch.hpp:14912
	src/catch.hpp:14992
	src/catch.hpp:14995
	src/catch.hpp:15030
	src/catch.hpp:15096
	src/catch.hpp:15161
	src/catch.hpp:15165
	src/catch.hpp:15252
	src/catch.hpp:15380
	src/catch.hpp:15387
	src/catch.hpp:15477
	src/catch.hpp:15499
	src/catch.hpp:15572
	src/catch.hpp:15732
	src/catch.hpp:15751
	src/catch.hpp:15754
	src/catch.hpp:15814
	src/catch.hpp:15944
	src/catch.hpp:16052
	src/catch.hpp:16163
	src/catch.hpp:16166
	src/catch.hpp:16211
	src/catch.hpp:16552
	src/catch.hpp:16847
	src/catch.hpp:16889
	src/catch.hpp:16980
	src/catch.hpp:16984
	src/regx.cpp:20
	src/regx.cpp:21
	src/regx.cpp:22
	src/scanpf.cpp:43
	src/scanpf.cpp:44
	src/catch.hpp:1919
	src/catch.hpp:1986
	src/catch.hpp:2003
	src/catch.hpp:2282
	src/catch.hpp:2505
	src/catch.hpp:2506
	src/catch.hpp:2512
	src/catch.hpp:2674
	src/catch.hpp:2699
	src/catch.hpp:2716
	src/catch.hpp:2736
	src/catch.hpp:2744
	src/catch.hpp:2775
	src/catch.hpp:3249
	src/catch.hpp:3260
	src/catch.hpp:3284
	src/catch.hpp:3293
	src/catch.hpp:3572
	src/catch.hpp:3590
	src/catch.hpp:3592
	src/catch.hpp:3600
	src/catch.hpp:3623
	src/catch.hpp:3626
	src/catch.hpp:3642
	src/catch.hpp:3645
	src/catch.hpp:3678
	src/catch.hpp:3768
	src/catch.hpp:3788
	src/catch.hpp:3864
	src/catch.hpp:3919
	src/catch.hpp:4000
	src/catch.hpp:4088
	src/catch.hpp:4133
	src/catch.hpp:4247
	src/catch.hpp:4270
	src/catch.hpp:4897
	src/catch.hpp:5148
	src/catch.hpp:5217
	src/catch.hpp:5218
	src/catch.hpp:5219
	src/catch.hpp:5220
	src/catch.hpp:5222
	src/catch.hpp:5223
	src/catch.hpp:5224
	src/catch.hpp:5225
	src/catch.hpp:5226
	src/catch.hpp:5227
	src/catch.hpp:5228
	src/catch.hpp:5233
	src/catch.hpp:5310
	src/catch.hpp:5432
	src/catch.hpp:5433
	src/catch.hpp:5440
	src/catch.hpp:5445
	src/catch.hpp:5447
	src/catch.hpp:5676
	src/catch.hpp:5793
	src/catch.hpp:5813
	src/catch.hpp:5971
	src/catch.hpp:6144
	src/catch.hpp:6251
	src/catch.hpp:6252
	src/catch.hpp:6302
	src/catch.hpp:7382
	src/catch.hpp:8109
	src/catch.hpp:8441
	src/catch.hpp:8462
	src/catch.hpp:8577
	src/catch.hpp:8697
	src/catch.hpp:8745
	src/catch.hpp:9023
	src/catch.hpp:9049
	src/catch.hpp:9050
	src/catch.hpp:9334
	src/catch.hpp:9350
	src/catch.hpp:9476
	src/catch.hpp:9481
	src/catch.hpp:9553
	src/catch.hpp:10121
	src/catch.hpp:10337
	src/catch.hpp:10347
	src/catch.hpp:10379
	src/catch.hpp:10398
	src/catch.hpp:10710
	src/catch.hpp:10718
	src/catch.hpp:10787
	src/catch.hpp:10791
	src/catch.hpp:10995
	src/catch.hpp:11011
	src/catch.hpp:11349
	src/catch.hpp:11352
	src/catch.hpp:12578
	src/catch.hpp:12607
	src/catch.hpp:12628
	src/catch.hpp:12630
	src/catch.hpp:12632
	src/catch.hpp:12700
	src/catch.hpp:12709
	src/catch.hpp:12723
	src/catch.hpp:12735
	src/catch.hpp:12738
	src/catch.hpp:12872
	src/catch.hpp:12893
	src/catch.hpp:12910
	src/catch.hpp:12922
	src/catch.hpp:13037
	src/catch.hpp:13192
	src/catch.hpp:13349
	src/catch.hpp:13642
	src/catch.hpp:13838
	src/catch.hpp:13843
	src/catch.hpp:13867
	src/catch.hpp:14176
	src/catch.hpp:14177
	src/catch.hpp:14429
	src/catch.hpp:14493
	src/catch.hpp:14496
	src/catch.hpp:14499
	src/catch.hpp:14502
	src/catch.hpp:14516
	src/catch.hpp:14547
	src/catch.hpp:14583
	src/catch.hpp:14615
	src/catch.hpp:14642
	src/catch.hpp:15360
	src/catch.hpp:15422
	src/catch.hpp:15437
	src/catch.hpp:15483
	src/catch.hpp:15500
	src/catch.hpp:15759
	src/catch.hpp:15760
	src/catch.hpp:16052
	src/catch.hpp:16083
	src/catch.hpp:16170
	src/catch.hpp:16182
	src/catch.hpp:16200
	src/catch.hpp:16216
	src/catch.hpp:16256
	src/regx.cpp:31
	src/scanpf.cpp:54
	src/scanpf.cpp:57
	src/catch.hpp:2000
	src/catch.hpp:2209
	src/catch.hpp:3251
	src/catch.hpp:3257
	src/catch.hpp:3282
	src/catch.hpp:3290
	src/catch.hpp:3569
	src/catch.hpp:3595
	src/catch.hpp:3603
	src/catch.hpp:3627
	src/catch.hpp:3646
	src/catch.hpp:3733
	src/catch.hpp:3808
	src/catch.hpp:3904
	src/catch.hpp:4135
	src/catch.hpp:4274
	src/catch.hpp:4563
	src/catch.hpp:4585
	src/catch.hpp:5849
	src/catch.hpp:7295
	src/catch.hpp:7361
	src/catch.hpp:7379
	src/catch.hpp:8110
	src/catch.hpp:8193
	src/catch.hpp:8483
	src/catch.hpp:8574
	src/catch.hpp:8694
	src/catch.hpp:8750
	src/catch.hpp:9021
	src/catch.hpp:9057
	src/catch.hpp:9077
	src/catch.hpp:9331
	src/catch.hpp:9348
	src/catch.hpp:9366
	src/catch.hpp:9473
	src/catch.hpp:9473
	src/catch.hpp:9562
	src/catch.hpp:9895
	src/catch.hpp:10158
	src/catch.hpp:10162
	src/catch.hpp:10312
	src/catch.hpp:10694
	src/catch.hpp:10760
	src/catch.hpp:11722
	src/catch.hpp:12475
	src/catch.hpp:12576
	src/catch.hpp:12585
	src/catch.hpp:12616
	src/catch.hpp:12635
	src/catch.hpp:12746
	src/catch.hpp:12762
	src/catch.hpp:13205
	src/catch.hpp:13219
	src/catch.hpp:13645
	src/catch.hpp:13847
	src/catch.hpp:13855
	src/catch.hpp:14248
	src/catch.hpp:14257
	src/catch.hpp:14453
	src/catch.hpp:14461
	src/catch.hpp:14469
	src/catch.hpp:14474
	src/catch.hpp:14483
	src/catch.hpp:14485
	src/catch.hpp:14490
	src/catch.hpp:14492
	src/catch.hpp:14508
	src/catch.hpp:14519
	src/catch.hpp:14553
	src/catch.hpp:14587
	src/catch.hpp:14596
	src/catch.hpp:15252
	src/catch.hpp:15344
	src/catch.hpp:15477
	src/catch.hpp:15754
	src/catch.hpp:15767
	src/catch.hpp:16065
	src/catch.hpp:16177
	src/catch.hpp:16211
	src/catch.hpp:16293
	src/catch.hpp:16306
	src/catch.hpp:16311
	src/catch.hpp:16523
	src/catch.hpp:16524
	src/catch.hpp:16748
	src/catch.hpp:16890
	src/catch.hpp:16909
	src/catch.hpp:16910
	src/catch.hpp:17001
	src/catch.hpp:17051
autoscan: warning: missing AC_CHECK_TYPES([ptrdiff_t]) wanted by: 
	src/catch.hpp:8499
	src/catch.hpp:8625
autoscan: warning: missing AC_C_INLINE wanted by: 
	src/catch.hpp:1368
	src/catch.hpp:1495
	src/catch.hpp:1498
	src/catch.hpp:1506
	src/catch.hpp:1507
	src/catch.hpp:1839
	src/catch.hpp:4327
	src/catch.hpp:4335
	src/catch.hpp:4839
	src/catch.hpp:4852
	src/catch.hpp:4957
	src/catch.hpp:4960
	src/catch.hpp:4963
	src/catch.hpp:4966
	src/catch.hpp:5186
	src/catch.hpp:6428
	src/catch.hpp:6431
	src/catch.hpp:6436
	src/catch.hpp:6442
	src/catch.hpp:6450
	src/catch.hpp:6458
	src/catch.hpp:6463
	src/catch.hpp:6468
	src/catch.hpp:6963
	src/catch.hpp:7866
	src/catch.hpp:7876
	src/catch.hpp:8410
	src/catch.hpp:8414
	src/catch.hpp:8418
	src/catch.hpp:8573
	src/catch.hpp:8692
	src/catch.hpp:8712
	src/catch.hpp:8788
	src/catch.hpp:9004
	src/catch.hpp:9013
	src/catch.hpp:9017
	src/catch.hpp:9030
	src/catch.hpp:9119
	src/catch.hpp:9299
autoscan: warning: missing AC_FUNC_MALLOC wanted by: 
	src/catch.hpp:4856
autoscan: warning: missing AC_TYPE_INT32_T wanted by: 
	src/catch.hpp:11333
	src/catch.hpp:11334
	src/catch.hpp:11335
autoscan: warning: missing AC_TYPE_INT64_T wanted by: 
	src/catch.hpp:11340
	src/catch.hpp:11341
	src/catch.hpp:11342
autoscan: warning: missing AC_TYPE_SIZE_T wanted by: 
	src/utility.cpp:7
	src/utility.cpp:8
	src/debug_map.cpp:67
	src/debug_map.cpp:68
	src/scanpf.cpp:178
	src/scanpf.cpp:179
	src/catch.hpp:485
	src/catch.hpp:500
	src/catch.hpp:524
	src/catch.hpp:588
	src/catch.hpp:660
	src/catch.hpp:665
	src/catch.hpp:1421
	src/catch.hpp:1536
	src/catch.hpp:1904
	src/catch.hpp:1917
	src/catch.hpp:2616
	src/catch.hpp:2621
	src/catch.hpp:2624
	src/catch.hpp:2629
	src/catch.hpp:2794
	src/catch.hpp:2798
	src/catch.hpp:2799
	src/catch.hpp:2800
	src/catch.hpp:3174
	src/catch.hpp:3178
	src/catch.hpp:3624
	src/catch.hpp:3643
	src/catch.hpp:3929
	src/catch.hpp:3969
	src/catch.hpp:4073
	src/catch.hpp:4074
	src/catch.hpp:4076
	src/catch.hpp:4102
	src/catch.hpp:4152
	src/catch.hpp:4153
	src/catch.hpp:4154
	src/catch.hpp:4156
	src/catch.hpp:4197
	src/catch.hpp:4245
	src/catch.hpp:4249
	src/catch.hpp:4255
	src/catch.hpp:4268
	src/catch.hpp:4279
	src/catch.hpp:4661
	src/catch.hpp:4852
	src/catch.hpp:4853
	src/catch.hpp:5149
	src/catch.hpp:5150
	src/catch.hpp:5154
	src/catch.hpp:5456
	src/catch.hpp:5457
	src/catch.hpp:5460
	src/catch.hpp:5461
	src/catch.hpp:6134
	src/catch.hpp:6137
	src/catch.hpp:8004
	src/catch.hpp:8004
	src/catch.hpp:8005
	src/catch.hpp:8005
	src/catch.hpp:8427
	src/catch.hpp:8428
	src/catch.hpp:8429
	src/catch.hpp:8436
	src/catch.hpp:8437
	src/catch.hpp:8439
	src/catch.hpp:8440
	src/catch.hpp:8443
	src/catch.hpp:8449
	src/catch.hpp:8474
	src/catch.hpp:8489
	src/catch.hpp:8555
	src/catch.hpp:8560
	src/catch.hpp:8564
	src/catch.hpp:8569
	src/catch.hpp:8597
	src/catch.hpp:8613
	src/catch.hpp:8649
	src/catch.hpp:8665
	src/catch.hpp:8820
	src/catch.hpp:8845
	src/catch.hpp:9162
	src/catch.hpp:9222
	src/catch.hpp:9495
	src/catch.hpp:9496
	src/catch.hpp:9536
	src/catch.hpp:9538
	src/catch.hpp:9544
	src/catch.hpp:9555
	src/catch.hpp:10317
	src/catch.hpp:10490
	src/catch.hpp:10525
	src/catch.hpp:10735
	src/catch.hpp:10770
	src/catch.hpp:10782
	src/catch.hpp:10930
	src/catch.hpp:10931
	src/catch.hpp:11068
	src/catch.hpp:11070
	src/catch.hpp:11077
	src/catch.hpp:11080
	src/catch.hpp:11082
	src/catch.hpp:11084
	src/catch.hpp:11102
	src/catch.hpp:11136
	src/catch.hpp:11138
	src/catch.hpp:11159
	src/catch.hpp:11174
	src/catch.hpp:11209
	src/catch.hpp:11212
	src/catch.hpp:11231
	src/catch.hpp:11232
	src/catch.hpp:11732
	src/catch.hpp:11732
	src/catch.hpp:11741
	src/catch.hpp:11751
	src/catch.hpp:11753
	src/catch.hpp:11791
	src/catch.hpp:11796
	src/catch.hpp:12174
	src/catch.hpp:12517
	src/catch.hpp:12517
	src/catch.hpp:12521
	src/catch.hpp:12521
	src/catch.hpp:12753
	src/catch.hpp:13339
	src/catch.hpp:13425
	src/catch.hpp:13537
	src/catch.hpp:13540
	src/catch.hpp:13552
	src/catch.hpp:13633
	src/catch.hpp:13635
	src/catch.hpp:13643
	src/catch.hpp:13657
	src/catch.hpp:13658
	src/catch.hpp:13670
	src/catch.hpp:13767
	src/catch.hpp:13924
	src/catch.hpp:14061
	src/catch.hpp:14062
	src/catch.hpp:14592
	src/catch.hpp:14671
	src/catch.hpp:14756
	src/catch.hpp:14784
	src/catch.hpp:14989
	src/catch.hpp:15127
	src/catch.hpp:15194
	src/catch.hpp:15254
	src/catch.hpp:15275
	src/catch.hpp:15462
	src/catch.hpp:15520
	src/catch.hpp:15706
	src/catch.hpp:15947
	src/catch.hpp:15947
	src/catch.hpp:15947
	src/catch.hpp:15948
	src/catch.hpp:15952
	src/catch.hpp:15952
	src/catch.hpp:15952
	src/catch.hpp:15952
	src/catch.hpp:16071
	src/catch.hpp:16105
	src/catch.hpp:16209
	src/catch.hpp:16350
	src/catch.hpp:16351
	src/catch.hpp:16364
	src/catch.hpp:16413
	src/catch.hpp:16433
	src/catch.hpp:16434
	src/catch.hpp:16435
autoscan: warning: missing AC_TYPE_UINT32_T wanted by: 
	src/catch.hpp:4504
	src/catch.hpp:11451
	src/catch.hpp:12086
	src/catch.hpp:12086
	src/catch.hpp:12086
	src/catch.hpp:12087
	src/catch.hpp:12119
	src/catch.hpp:12119
	src/catch.hpp:15140
	src/catch.hpp:15253
autoscan: warning: missing AC_TYPE_UINT64_T wanted by: 
	src/catch.hpp:2852
	src/catch.hpp:2853
	src/catch.hpp:2856
	src/catch.hpp:2859
	src/catch.hpp:2860
	src/catch.hpp:3394
	src/catch.hpp:3399
	src/catch.hpp:3422
	src/catch.hpp:3423
	src/catch.hpp:4502
	src/catch.hpp:4518
	src/catch.hpp:4529
	src/catch.hpp:4534
	src/catch.hpp:11348
	src/catch.hpp:11364
	src/catch.hpp:11398
	src/catch.hpp:11399
	src/catch.hpp:11448
	src/catch.hpp:11525
	src/catch.hpp:11529
	src/catch.hpp:12109
	src/catch.hpp:12112
	src/catch.hpp:14656
	src/catch.hpp:14660
	src/catch.hpp:14665
	src/catch.hpp:14666
	src/catch.hpp:14667
	src/catch.hpp:14673
	src/catch.hpp:14674
	src/catch.hpp:14695
	src/catch.hpp:14703
	src/catch.hpp:14706
	src/catch.hpp:15979
	src/catch.hpp:15980
	src/catch.hpp:15981
	src/catch.hpp:15982
	src/catch.hpp:15984
	src/catch.hpp:15989
	src/catch.hpp:15992
	src/catch.hpp:17114
	src/catch.hpp:17115
	src/catch.hpp:17121
	src/catch.hpp:17122
	src/catch.hpp:17123
autoscan: warning: missing AC_TYPE_UINT8_T wanted by: 
	src/catch.hpp:3382
	src/catch.hpp:11427
